# JRE version: OpenJDK Runtime Environment (11.0.8+10) (build 11.0.8+10-b944.6842174)
# Java VM: OpenJDK 64-Bit Server VM (11.0.8+10-b944.6842174, mixed mode, tiered, compressed oops, g1 gc, windows-amd64)
Heap:
 garbage-first heap   total 129024K, used 53093K [0x0000000080000000, 0x0000000100000000)
  region size 1024K, 35 young (35840K), 6 survivors (6144K)
 Metaspace       used 38425K, capacity 39183K, committed 39296K, reserved 1083392K
  class space    used 4953K, capacity 5240K, committed 5248K, reserved 1048576K
GC Heap History (10 events):
Event: 0.635 GC heap before
{Heap before GC invocations=0 (full 0):
 garbage-first heap   total 129024K, used 29696K [0x0000000080000000, 0x0000000100000000)
  region size 1024K, 24 young (24576K), 0 survivors (0K)
 Metaspace       used 10396K, capacity 10640K, committed 11008K, reserved 1058816K
  class space    used 1098K, capacity 1164K, committed 1280K, reserved 1048576K
}
Event: 0.639 GC heap after
{Heap after GC invocations=1 (full 0):
 garbage-first heap   total 129024K, used 8697K [0x0000000080000000, 0x0000000100000000)
  region size 1024K, 3 young (3072K), 3 survivors (3072K)
 Metaspace       used 10396K, capacity 10640K, committed 11008K, reserved 1058816K
  class space    used 1098K, capacity 1164K, committed 1280K, reserved 1048576K
}
Event: 2.014 GC heap before
{Heap before GC invocations=1 (full 0):
 garbage-first heap   total 129024K, used 82425K [0x0000000080000000, 0x0000000100000000)
  region size 1024K, 75 young (76800K), 3 survivors (3072K)
 Metaspace       used 18900K, capacity 19336K, committed 19456K, reserved 1067008K
  class space    used 2278K, capacity 2456K, committed 2560K, reserved 1048576K
}
Event: 2.020 GC heap after
{Heap after GC invocations=2 (full 0):
 garbage-first heap   total 129024K, used 15423K [0x0000000080000000, 0x0000000100000000)
  region size 1024K, 10 young (10240K), 10 survivors (10240K)
 Metaspace       used 18900K, capacity 19336K, committed 19456K, reserved 1067008K
  class space    used 2278K, capacity 2456K, committed 2560K, reserved 1048576K
}
Event: 2.306 GC heap before
{Heap before GC invocations=2 (full 0):
 garbage-first heap   total 129024K, used 27711K [0x0000000080000000, 0x0000000100000000)
  region size 1024K, 23 young (23552K), 10 survivors (10240K)
 Metaspace       used 20644K, capacity 21105K, committed 21248K, reserved 1067008K
  class space    used 2526K, capacity 2710K, committed 2816K, reserved 1048576K
}
Event: 2.318 GC heap after
{Heap after GC invocations=3 (full 0):
 garbage-first heap   total 129024K, used 16460K [0x0000000080000000, 0x0000000100000000)
  region size 1024K, 1 young (1024K), 1 survivors (1024K)
 Metaspace       used 20644K, capacity 21105K, committed 21248K, reserved 1067008K
  class space    used 2526K, capacity 2710K, committed 2816K, reserved 1048576K
}
Event: 3.115 GC heap before
{Heap before GC invocations=4 (full 0):
 garbage-first heap   total 129024K, used 68684K [0x0000000080000000, 0x0000000100000000)
  region size 1024K, 53 young (54272K), 1 survivors (1024K)
 Metaspace       used 26494K, capacity 27076K, committed 27264K, reserved 1073152K
  class space    used 3477K, capacity 3704K, committed 3712K, reserved 1048576K
}
Event: 3.117 GC heap after
{Heap after GC invocations=5 (full 0):
 garbage-first heap   total 129024K, used 18238K [0x0000000080000000, 0x0000000100000000)
  region size 1024K, 3 young (3072K), 3 survivors (3072K)
 Metaspace       used 26494K, capacity 27076K, committed 27264K, reserved 1073152K
  class space    used 3477K, capacity 3704K, committed 3712K, reserved 1048576K
}
Event: 3.693 GC heap before
{Heap before GC invocations=5 (full 0):
 garbage-first heap   total 129024K, used 63294K [0x0000000080000000, 0x0000000100000000)
  region size 1024K, 48 young (49152K), 3 survivors (3072K)
 Metaspace       used 35105K, capacity 35797K, committed 35840K, reserved 1081344K
  class space    used 4569K, capacity 4824K, committed 4864K, reserved 1048576K
}
Event: 3.698 GC heap after
{Heap after GC invocations=6 (full 0):
 garbage-first heap   total 129024K, used 21349K [0x0000000080000000, 0x0000000100000000)
  region size 1024K, 6 young (6144K), 6 survivors (6144K)
 Metaspace       used 35105K, capacity 35797K, committed 35840K, reserved 1081344K
  class space    used 4569K, capacity 4824K, committed 4864K, reserved 1048576K
}

