# JRE version: OpenJDK Runtime Environment (11.0.8+10) (build 11.0.8+10-b944.6842174)
# Java VM: OpenJDK 64-Bit Server VM (11.0.8+10-b944.6842174, mixed mode, tiered, compressed oops, g1 gc, windows-amd64)
Heap:
 garbage-first heap   total 129024K, used 41579K [0x0000000080000000, 0x0000000100000000)
  region size 1024K, 19 young (19456K), 6 survivors (6144K)
 Metaspace       used 44687K, capacity 45828K, committed 46080K, reserved 1089536K
  class space    used 5725K, capacity 6135K, committed 6144K, reserved 1048576K
GC Heap History (14 events):
Event: 0.946 GC heap before
{Heap before GC invocations=0 (full 0):
 garbage-first heap   total 129024K, used 29696K [0x0000000080000000, 0x0000000100000000)
  region size 1024K, 24 young (24576K), 0 survivors (0K)
 Metaspace       used 10402K, capacity 10640K, committed 11008K, reserved 1058816K
  class space    used 1098K, capacity 1164K, committed 1280K, reserved 1048576K
}
Event: 0.949 GC heap after
{Heap after GC invocations=1 (full 0):
 garbage-first heap   total 129024K, used 8599K [0x0000000080000000, 0x0000000100000000)
  region size 1024K, 3 young (3072K), 3 survivors (3072K)
 Metaspace       used 10402K, capacity 10640K, committed 11008K, reserved 1058816K
  class space    used 1098K, capacity 1164K, committed 1280K, reserved 1048576K
}
Event: 2.577 GC heap before
{Heap before GC invocations=1 (full 0):
 garbage-first heap   total 129024K, used 82327K [0x0000000080000000, 0x0000000100000000)
  region size 1024K, 75 young (76800K), 3 survivors (3072K)
 Metaspace       used 18915K, capacity 19400K, committed 19712K, reserved 1067008K
  class space    used 2280K, capacity 2456K, committed 2560K, reserved 1048576K
}
Event: 2.582 GC heap after
{Heap after GC invocations=2 (full 0):
 garbage-first heap   total 129024K, used 15438K [0x0000000080000000, 0x0000000100000000)
  region size 1024K, 10 young (10240K), 10 survivors (10240K)
 Metaspace       used 18915K, capacity 19400K, committed 19712K, reserved 1067008K
  class space    used 2280K, capacity 2456K, committed 2560K, reserved 1048576K
}
Event: 2.699 GC heap before
{Heap before GC invocations=2 (full 0):
 garbage-first heap   total 129024K, used 27726K [0x0000000080000000, 0x0000000100000000)
  region size 1024K, 23 young (23552K), 10 survivors (10240K)
 Metaspace       used 20642K, capacity 21105K, committed 21248K, reserved 1067008K
  class space    used 2526K, capacity 2710K, committed 2816K, reserved 1048576K
}
Event: 2.705 GC heap after
{Heap after GC invocations=3 (full 0):
 garbage-first heap   total 129024K, used 16404K [0x0000000080000000, 0x0000000100000000)
  region size 1024K, 1 young (1024K), 1 survivors (1024K)
 Metaspace       used 20642K, capacity 21105K, committed 21248K, reserved 1067008K
  class space    used 2526K, capacity 2710K, committed 2816K, reserved 1048576K
}
Event: 3.126 GC heap before
{Heap before GC invocations=4 (full 0):
 garbage-first heap   total 129024K, used 67604K [0x0000000080000000, 0x0000000100000000)
  region size 1024K, 52 young (53248K), 1 survivors (1024K)
 Metaspace       used 26419K, capacity 27057K, committed 27264K, reserved 1073152K
  class space    used 3460K, capacity 3697K, committed 3712K, reserved 1048576K
}
Event: 3.128 GC heap after
{Heap after GC invocations=5 (full 0):
 garbage-first heap   total 129024K, used 18122K [0x0000000080000000, 0x0000000100000000)
  region size 1024K, 3 young (3072K), 3 survivors (3072K)
 Metaspace       used 26419K, capacity 27057K, committed 27264K, reserved 1073152K
  class space    used 3460K, capacity 3697K, committed 3712K, reserved 1048576K
}
Event: 3.879 GC heap before
{Heap before GC invocations=5 (full 0):
 garbage-first heap   total 129024K, used 64202K [0x0000000080000000, 0x0000000100000000)
  region size 1024K, 49 young (50176K), 3 survivors (3072K)
 Metaspace       used 35103K, capacity 35769K, committed 35840K, reserved 1081344K
  class space    used 4567K, capacity 4856K, committed 4864K, reserved 1048576K
}
Event: 3.885 GC heap after
{Heap after GC invocations=6 (full 0):
 garbage-first heap   total 129024K, used 21320K [0x0000000080000000, 0x0000000100000000)
  region size 1024K, 6 young (6144K), 6 survivors (6144K)
 Metaspace       used 35103K, capacity 35769K, committed 35840K, reserved 1081344K
  class space    used 4567K, capacity 4856K, committed 4864K, reserved 1048576K
}
Event: 4.385 GC heap before
{Heap before GC invocations=7 (full 0):
 garbage-first heap   total 129024K, used 82760K [0x0000000080000000, 0x0000000100000000)
  region size 1024K, 63 young (64512K), 6 survivors (6144K)
 Metaspace       used 40772K, capacity 41661K, committed 41984K, reserved 1085440K
  class space    used 5209K, capacity 5534K, committed 5632K, reserved 1048576K
}
Event: 4.391 GC heap after
{Heap after GC invocations=8 (full 0):
 garbage-first heap   total 129024K, used 24594K [0x0000000080000000, 0x0000000100000000)
  region size 1024K, 7 young (7168K), 7 survivors (7168K)
 Metaspace       used 40772K, capacity 41661K, committed 41984K, reserved 1085440K
  class space    used 5209K, capacity 5534K, committed 5632K, reserved 1048576K
}
Event: 5.242 GC heap before
{Heap before GC invocations=8 (full 0):
 garbage-first heap   total 129024K, used 85010K [0x0000000080000000, 0x0000000100000000)
  region size 1024K, 66 young (67584K), 7 survivors (7168K)
 Metaspace       used 44321K, capacity 45373K, committed 45568K, reserved 1089536K
  class space    used 5675K, capacity 6028K, committed 6144K, reserved 1048576K
}
Event: 5.247 GC heap after
{Heap after GC invocations=9 (full 0):
 garbage-first heap   total 129024K, used 27243K [0x0000000080000000, 0x0000000100000000)
  region size 1024K, 6 young (6144K), 6 survivors (6144K)
 Metaspace       used 44321K, capacity 45373K, committed 45568K, reserved 1089536K
  class space    used 5675K, capacity 6028K, committed 6144K, reserved 1048576K
}

